chmod 777 ./tools/MakeSvnRev.sh
chmod 777 ./tools/BuildType.sh
chmod 777 ./*Build.sh
./tools/MakeSvnRev.sh
SM_ticket.dat
bin2s -a 32 /home/lukegb/dop-mii-builds/sources/wiibrew/data/SM_ticket.dat | powerpc-eabi-as -o SM_ticket.dat.o
echo "extern const u8" `(echo SM_ticket.dat | sed -e 's/^\([0-9]\)/_\1/' | tr . _)`"_end[];" > `(echo SM_ticket.dat | tr . _)`.h
echo "extern const u8" `(echo SM_ticket.dat | sed -e 's/^\([0-9]\)/_\1/' | tr . _)`"[];" >> `(echo SM_ticket.dat | tr . _)`.h
echo "extern const u32" `(echo SM_ticket.dat | sed -e 's/^\([0-9]\)/_\1/' | tr . _)`_size";" >> `(echo SM_ticket.dat | tr . _)`.h
SU_ticket.dat
bin2s -a 32 /home/lukegb/dop-mii-builds/sources/wiibrew/data/SU_ticket.dat | powerpc-eabi-as -o SU_ticket.dat.o
echo "extern const u8" `(echo SU_ticket.dat | sed -e 's/^\([0-9]\)/_\1/' | tr . _)`"_end[];" > `(echo SU_ticket.dat | tr . _)`.h
echo "extern const u8" `(echo SU_ticket.dat | sed -e 's/^\([0-9]\)/_\1/' | tr . _)`"[];" >> `(echo SU_ticket.dat | tr . _)`.h
echo "extern const u32" `(echo SU_ticket.dat | sed -e 's/^\([0-9]\)/_\1/' | tr . _)`_size";" >> `(echo SU_ticket.dat | tr . _)`.h
SU_tmd.dat
bin2s -a 32 /home/lukegb/dop-mii-builds/sources/wiibrew/data/SU_tmd.dat | powerpc-eabi-as -o SU_tmd.dat.o
echo "extern const u8" `(echo SU_tmd.dat | sed -e 's/^\([0-9]\)/_\1/' | tr . _)`"_end[];" > `(echo SU_tmd.dat | tr . _)`.h
echo "extern const u8" `(echo SU_tmd.dat | sed -e 's/^\([0-9]\)/_\1/' | tr . _)`"[];" >> `(echo SU_tmd.dat | tr . _)`.h
echo "extern const u32" `(echo SU_tmd.dat | sed -e 's/^\([0-9]\)/_\1/' | tr . _)`_size";" >> `(echo SU_tmd.dat | tr . _)`.h
Titles.xml
bin2s -a 32 /home/lukegb/dop-mii-builds/sources/wiibrew/data/Titles.xml | powerpc-eabi-as -o Titles.xml.o
echo "extern const u8" `(echo Titles.xml | sed -e 's/^\([0-9]\)/_\1/' | tr . _)`"_end[];" > `(echo Titles.xml | tr . _)`.h
echo "extern const u8" `(echo Titles.xml | sed -e 's/^\([0-9]\)/_\1/' | tr . _)`"[];" >> `(echo Titles.xml | tr . _)`.h
echo "extern const u32" `(echo Titles.xml | sed -e 's/^\([0-9]\)/_\1/' | tr . _)`_size";" >> `(echo Titles.xml | tr . _)`.h
Boot2.cpp
ChannelMatrix.cpp
Controller.cpp
DiscLight.cpp
Error.cpp
FileSystem.cpp
Gecko.cpp
Http.cpp
Identify.cpp
IOSMatrix.cpp
Main.cpp
/home/lukegb/dop-mii-builds/sources/wiibrew/source/Main.cpp:60:2: warning: #warning REMINDER: change ProgramVersion in include/Global.h
Nand.cpp
Network.cpp
Nus.cpp
RuntimeIOSPatch.cpp
Scripting.cpp
/home/lukegb/dop-mii-builds/sources/wiibrew/source/Scripting.cpp: In static member function 'static u8 Scripting::RunScript(const char*)':
/home/lukegb/dop-mii-builds/sources/wiibrew/source/Scripting.cpp:120:14: warning: passing NULL to non-pointer argument 1 of 'Title::Title(u64)'
Settings.cpp
SysCheck.cpp
SysMenuMatrix.cpp
System.cpp
SysTitle.cpp
Title.cpp
Tools.cpp
Video.cpp
WiiMote.cpp
rijndael.c
sha1.c
sysconf.c
UsbStorage.c
linking ... wiibrew.elf
output ... wiibrew.dol
make[1]: Entering directory `/home/lukegb/dop-mii-builds/sources/wiibrew'
WiiMote.cpp
linking ... wiibrew.elf
output ... wiibrew.dol
make[1]: Leaving directory `/home/lukegb/dop-mii-builds/sources/wiibrew'
